Determining if the include file pthread.h exists failed with the following output:
Change Dir: /home/sui/src/kevin/mqttclient-master/CMakeFiles/CMakeTmp

Run Build Command:"/usr/bin/make" "cmTC_21678/fast"
/usr/bin/make -f CMakeFiles/cmTC_21678.dir/build.make CMakeFiles/cmTC_21678.dir/build
make[1]: 进入目录“/home/sui/src/kevin/mqttclient-master/CMakeFiles/CMakeTmp”
Building C object CMakeFiles/cmTC_21678.dir/CheckIncludeFile.c.o
/usr/bin/gcc --sysroot=/home/sui/sdx55-sdk-installed/sysroots/armv7at2hf-neon-oe-linux-gnueabi   -lpthread    -o CMakeFiles/cmTC_21678.dir/CheckIncludeFile.c.o   -c /home/sui/src/kevin/mqttclient-master/CMakeFiles/CMakeTmp/CheckIncludeFile.c
In file included from /home/sui/sdx55-sdk-installed/sysroots/armv7at2hf-neon-oe-linux-gnueabi/usr/include/sys/cdefs.h:442:0,
                 from /home/sui/sdx55-sdk-installed/sysroots/armv7at2hf-neon-oe-linux-gnueabi/usr/include/features.h:428,
                 from /home/sui/sdx55-sdk-installed/sysroots/armv7at2hf-neon-oe-linux-gnueabi/usr/include/pthread.h:21,
                 from /home/sui/src/kevin/mqttclient-master/CMakeFiles/CMakeTmp/CheckIncludeFile.c:1:
/home/sui/sdx55-sdk-installed/sysroots/armv7at2hf-neon-oe-linux-gnueabi/usr/include/bits/wordsize.h:39:2: error: #error "__WORDSIZE is not defined"
 #error "__WORDSIZE is not defined"
  ^~~~~
/home/sui/sdx55-sdk-installed/sysroots/armv7at2hf-neon-oe-linux-gnueabi/usr/include/bits/wordsize.h:62:2: error: #error "Unknown __WORDSIZE detected"
 #error "Unknown __WORDSIZE detected"
  ^~~~~
In file included from /home/sui/sdx55-sdk-installed/sysroots/armv7at2hf-neon-oe-linux-gnueabi/usr/include/sys/cdefs.h:443:0,
                 from /home/sui/sdx55-sdk-installed/sysroots/armv7at2hf-neon-oe-linux-gnueabi/usr/include/features.h:428,
                 from /home/sui/sdx55-sdk-installed/sysroots/armv7at2hf-neon-oe-linux-gnueabi/usr/include/pthread.h:21,
                 from /home/sui/src/kevin/mqttclient-master/CMakeFiles/CMakeTmp/CheckIncludeFile.c:1:
/home/sui/sdx55-sdk-installed/sysroots/armv7at2hf-neon-oe-linux-gnueabi/usr/include/bits/long-double.h:39:2: error: #error "__WORDSIZE is not defined"
 #error "__WORDSIZE is not defined"
  ^~~~~
/home/sui/sdx55-sdk-installed/sysroots/armv7at2hf-neon-oe-linux-gnueabi/usr/include/bits/long-double.h:62:2: error: #error "Unknown __WORDSIZE detected"
 #error "Unknown __WORDSIZE detected"
  ^~~~~
In file included from /home/sui/sdx55-sdk-installed/sysroots/armv7at2hf-neon-oe-linux-gnueabi/usr/include/features.h:452:0,
                 from /home/sui/sdx55-sdk-installed/sysroots/armv7at2hf-neon-oe-linux-gnueabi/usr/include/pthread.h:21,
                 from /home/sui/src/kevin/mqttclient-master/CMakeFiles/CMakeTmp/CheckIncludeFile.c:1:
/home/sui/sdx55-sdk-installed/sysroots/armv7at2hf-neon-oe-linux-gnueabi/usr/include/gnu/stubs.h:39:2: error: #error "__WORDSIZE is not defined"
 #error "__WORDSIZE is not defined"
  ^~~~~
/home/sui/sdx55-sdk-installed/sysroots/armv7at2hf-neon-oe-linux-gnueabi/usr/include/gnu/stubs.h:62:2: error: #error "Unknown __WORDSIZE detected"
 #error "Unknown __WORDSIZE detected"
  ^~~~~
In file included from /home/sui/sdx55-sdk-installed/sysroots/armv7at2hf-neon-oe-linux-gnueabi/usr/include/endian.h:36:0,
                 from /home/sui/sdx55-sdk-installed/sysroots/armv7at2hf-neon-oe-linux-gnueabi/usr/include/pthread.h:22,
                 from /home/sui/src/kevin/mqttclient-master/CMakeFiles/CMakeTmp/CheckIncludeFile.c:1:
/home/sui/sdx55-sdk-installed/sysroots/armv7at2hf-neon-oe-linux-gnueabi/usr/include/bits/endian.h:39:2: error: #error "__WORDSIZE is not defined"
 #error "__WORDSIZE is not defined"
  ^~~~~
/home/sui/sdx55-sdk-installed/sysroots/armv7at2hf-neon-oe-linux-gnueabi/usr/include/bits/endian.h:62:2: error: #error "Unknown __WORDSIZE detected"
 #error "Unknown __WORDSIZE detected"
  ^~~~~
In file included from /home/sui/sdx55-sdk-installed/sysroots/armv7at2hf-neon-oe-linux-gnueabi/usr/include/bits/byteswap.h:27:0,
                 from /home/sui/sdx55-sdk-installed/sysroots/armv7at2hf-neon-oe-linux-gnueabi/usr/include/endian.h:60,
                 from /home/sui/sdx55-sdk-installed/sysroots/armv7at2hf-neon-oe-linux-gnueabi/usr/include/pthread.h:22,
                 from /home/sui/src/kevin/mqttclient-master/CMakeFiles/CMakeTmp/CheckIncludeFile.c:1:
/home/sui/sdx55-sdk-installed/sysroots/armv7at2hf-neon-oe-linux-gnueabi/usr/include/bits/types.h:138:3: error: #error 
 # error
   ^~~~~
In file included from /home/sui/sdx55-sdk-installed/sysroots/armv7at2hf-neon-oe-linux-gnueabi/usr/include/bits/types.h:140:0,
                 from /home/sui/sdx55-sdk-installed/sysroots/armv7at2hf-neon-oe-linux-gnueabi/usr/include/bits/byteswap.h:27,
                 from /home/sui/sdx55-sdk-installed/sysroots/armv7at2hf-neon-oe-linux-gnueabi/usr/include/endian.h:60,
                 from /home/sui/sdx55-sdk-installed/sysroots/armv7at2hf-neon-oe-linux-gnueabi/usr/include/pthread.h:22,
                 from /home/sui/src/kevin/mqttclient-master/CMakeFiles/CMakeTmp/CheckIncludeFile.c:1:
/home/sui/sdx55-sdk-installed/sysroots/armv7at2hf-neon-oe-linux-gnueabi/usr/include/bits/typesizes.h:39:2: error: #error "__WORDSIZE is not defined"
 #error "__WORDSIZE is not defined"
  ^~~~~
/home/sui/sdx55-sdk-installed/sysroots/armv7at2hf-neon-oe-linux-gnueabi/usr/include/bits/typesizes.h:62:2: error: #error "Unknown __WORDSIZE detected"
 #error "Unknown __WORDSIZE detected"
  ^~~~~
In file included from /home/sui/sdx55-sdk-installed/sysroots/armv7at2hf-neon-oe-linux-gnueabi/usr/include/bits/byteswap.h:27:0,
                 from /home/sui/sdx55-sdk-installed/sysroots/armv7at2hf-neon-oe-linux-gnueabi/usr/include/endian.h:60,
                 from /home/sui/sdx55-sdk-installed/sysroots/armv7at2hf-neon-oe-linux-gnueabi/usr/include/pthread.h:22,
                 from /home/sui/src/kevin/mqttclient-master/CMakeFiles/CMakeTmp/CheckIncludeFile.c:1:
/home/sui/sdx55-sdk-installed/sysroots/armv7at2hf-neon-oe-linux-gnueabi/usr/include/bits/types.h:143:1: error: unknown type name ‘__STD_TYPE’; did you mean ‘__S32_TYPE’?
 __STD_TYPE __DEV_T_TYPE __dev_t; /* Type of device numbers.  */
 ^~~~~~~~~~
 __S32_TYPE
/home/sui/sdx55-sdk-installed/sysroots/armv7at2hf-neon-oe-linux-gnueabi/usr/include/bits/types.h:143:25: error: expected ‘=’, ‘,’, ‘;’, ‘asm’ or ‘__attribute__’ before ‘__dev_t’
 __STD_TYPE __DEV_T_TYPE __dev_t; /* Type of device numbers.  */
                         ^~~~~~~
/home/sui/sdx55-sdk-installed/sysroots/armv7at2hf-neon-oe-linux-gnueabi/usr/include/bits/types.h:144:1: error: unknown type name ‘__STD_TYPE’; did you mean ‘__S32_TYPE’?
 __STD_TYPE __UID_T_TYPE __uid_t; /* Type of user identifications.  */
 ^~~~~~~~~~
 __S32_TYPE
/home/sui/sdx55-sdk-installed/sysroots/armv7at2hf-neon-oe-linux-gnueabi/usr/include/bits/types.h:144:25: error: expected ‘=’, ‘,’, ‘;’, ‘asm’ or ‘__attribute__’ before ‘__uid_t’
 __STD_TYPE __UID_T_TYPE __uid_t; /* Type of user identifications.  */
                         ^~~~~~~
/home/sui/sdx55-sdk-installed/sysroots/armv7at2hf-neon-oe-linux-gnueabi/usr/include/bits/types.h:145:1: error: unknown type name ‘__STD_TYPE’; did you mean ‘__S32_TYPE’?
 __STD_TYPE __GID_T_TYPE __gid_t; /* Type of group identifications.  */
 ^~~~~~~~~~
 __S32_TYPE
/home/sui/sdx55-sdk-installed/sysroots/armv7at2hf-neon-oe-linux-gnueabi/usr/include/bits/types.h:145:25: error: expected ‘=’, ‘,’, ‘;’, ‘asm’ or ‘__attribute__’ before ‘__gid_t’
 __STD_TYPE __GID_T_TYPE __gid_t; /* Type of group identifications.  */
                         ^~~~~~~
/home/sui/sdx55-sdk-installed/sysroots/armv7at2hf-neon-oe-linux-gnueabi/usr/include/bits/types.h:146:1: error: unknown type name ‘__STD_TYPE’; did you mean ‘__S32_TYPE’?
 __STD_TYPE __INO_T_TYPE __ino_t; /* Type of file serial numbers.  */
 ^~~~~~~~~~
 __S32_TYPE
/home/sui/sdx55-sdk-installed/sysroots/armv7at2hf-neon-oe-linux-gnueabi/usr/include/bits/types.h:146:25: error: expected ‘=’, ‘,’, ‘;’, ‘asm’ or ‘__attribute__’ before ‘__ino_t’
 __STD_TYPE __INO_T_TYPE __ino_t; /* Type of file serial numbers.  */
                         ^~~~~~~
/home/sui/sdx55-sdk-installed/sysroots/armv7at2hf-neon-oe-linux-gnueabi/usr/include/bits/types.h:147:1: error: unknown type name ‘__STD_TYPE’; did you mean ‘__S32_TYPE’?
 __STD_TYPE __INO64_T_TYPE __ino64_t; /* Type of file serial numbers (LFS).*/
 ^~~~~~~~~~
 __S32_TYPE
/home/sui/sdx55-sdk-installed/sysroots/armv7at2hf-neon-oe-linux-gnueabi/usr/include/bits/types.h:147:27: error: expected ‘=’, ‘,’, ‘;’, ‘asm’ or ‘__attribute__’ before ‘__ino64_t’
 __STD_TYPE __INO64_T_TYPE __ino64_t; /* Type of file serial numbers (LFS).*/
                           ^~~~~~~~~
/home/sui/sdx55-sdk-installed/sysroots/armv7at2hf-neon-oe-linux-gnueabi/usr/include/bits/types.h:148:1: error: unknown type name ‘__STD_TYPE’; did you mean ‘__S32_TYPE’?
 __STD_TYPE __MODE_T_TYPE __mode_t; /* Type of file attribute bitmasks.  */
 ^~~~~~~~~~
 __S32_TYPE
/home/sui/sdx55-sdk-installed/sysroots/armv7at2hf-neon-oe-linux-gnueabi/usr/include/bits/types.h:148:26: error: expected ‘=’, ‘,’, ‘;’, ‘asm’ or ‘__attribute__’ before ‘__mode_t’
 __STD_TYPE __MODE_T_TYPE __mode_t; /* Type of file attribute bitmasks.  */
                          ^~~~~~~~
/home/sui/sdx55-sdk-installed/sysroots/armv7at2hf-neon-oe-linux-gnueabi/usr/include/bits/types.h:149:1: error: unknown type name ‘__STD_TYPE’; did you mean ‘__S32_TYPE’?
 __STD_TYPE __NLINK_T_TYPE __nlink_t; /* Type of file link counts.  */
 ^~~~~~~~~~
 __S32_TYPE
/home/sui/sdx55-sdk-installed/sysroots/armv7at2hf-neon-oe-linux-gnueabi/usr/include/bits/types.h:149:27: error: expected ‘=’, ‘,’, ‘;’, ‘asm’ or ‘__attribute__’ before ‘__nlink_t’
 __STD_TYPE __NLINK_T_TYPE __nlink_t; /* Type of file link counts.  */
                           ^~~~~~~~~
/home/sui/sdx55-sdk-installed/sysroots/armv7at2hf-neon-oe-linux-gnueabi/usr/include/bits/types.h:150:1: error: unknown type name ‘__STD_TYPE’; did you mean ‘__S32_TYPE’?
 __STD_TYPE __OFF_T_TYPE __off_t; /* Type of file sizes and offsets.  */
 ^~~~~~~~~~
 __S32_TYPE
/home/sui/sdx55-sdk-installed/sysroots/armv7at2hf-neon-oe-linux-gnueabi/usr/include/bits/types.h:150:25: error: expected ‘=’, ‘,’, ‘;’, ‘asm’ or ‘__attribute__’ before ‘__off_t’
 __STD_TYPE __OFF_T_TYPE __off_t; /* Type of file sizes and offsets.  */
                         ^~~~~~~
/home/sui/sdx55-sdk-installed/sysroots/armv7at2hf-neon-oe-linux-gnueabi/usr/include/bits/types.h:151:1: error: unknown type name ‘__STD_TYPE’; did you mean ‘__S32_TYPE’?
 __STD_TYPE __OFF64_T_TYPE __off64_t; /* Type of file sizes and offsets (LFS).  */
 ^~~~~~~~~~
 __S32_TYPE
/home/sui/sdx55-sdk-installed/sysroots/armv7at2hf-neon-oe-linux-gnueabi/usr/include/bits/types.h:151:27: error: expected ‘=’, ‘,’, ‘;’, ‘asm’ or ‘__attribute__’ before ‘__off64_t’
 __STD_TYPE __OFF64_T_TYPE __off64_t; /* Type of file sizes and offsets (LFS).  */
                           ^~~~~~~~~
/home/sui/sdx55-sdk-installed/sysroots/armv7at2hf-neon-oe-linux-gnueabi/usr/include/bits/types.h:152:1: error: unknown type name ‘__STD_TYPE’; did you mean ‘__S32_TYPE’?
 __STD_TYPE __PID_T_TYPE __pid_t; /* Type of process identifications.  */
 ^~~~~~~~~~
 __S32_TYPE
/home/sui/sdx55-sdk-installed/sysroots/armv7at2hf-neon-oe-linux-gnueabi/usr/include/bits/types.h:152:25: error: expected ‘=’, ‘,’, ‘;’, ‘asm’ or ‘__attribute__’ before ‘__pid_t’
 __STD_TYPE __PID_T_TYPE __pid_t; /* Type of process identifications.  */
                         ^~~~~~~
/home/sui/sdx55-sdk-installed/sysroots/armv7at2hf-neon-oe-linux-gnueabi/usr/include/bits/types.h:153:1: error: unknown type name ‘__STD_TYPE’; did you mean ‘__S32_TYPE’?
 __STD_TYPE __FSID_T_TYPE __fsid_t; /* Type of file system IDs.  */
 ^~~~~~~~~~
 __S32_TYPE
/home/sui/sdx55-sdk-installed/sysroots/armv7at2hf-neon-oe-linux-gnueabi/usr/include/bits/types.h:153:26: error: expected ‘=’, ‘,’, ‘;’, ‘asm’ or ‘__attribute__’ before ‘__fsid_t’
 __STD_TYPE __FSID_T_TYPE __fsid_t; /* Type of file system IDs.  */
                          ^~~~~~~~
/home/sui/sdx55-sdk-installed/sysroots/armv7at2hf-neon-oe-linux-gnueabi/usr/include/bits/types.h:154:1: error: unknown type name ‘__STD_TYPE’; did you mean ‘__S32_TYPE’?
 __STD_TYPE __CLOCK_T_TYPE __clock_t; /* Type of CPU usage counts.  */
 ^~~~~~~~~~
 __S32_TYPE
/home/sui/sdx55-sdk-installed/sysroots/armv7at2hf-neon-oe-linux-gnueabi/usr/include/bits/types.h:154:27: error: expected ‘=’, ‘,’, ‘;’, ‘asm’ or ‘__attribute__’ before ‘__clock_t’
 __STD_TYPE __CLOCK_T_TYPE __clock_t; /* Type of CPU usage counts.  */
                           ^~~~~~~~~
/home/sui/sdx55-sdk-installed/sysroots/armv7at2hf-neon-oe-linux-gnueabi/usr/include/bits/types.h:155:1: error: unknown type name ‘__STD_TYPE’; did you mean ‘__S32_TYPE’?
 __STD_TYPE __RLIM_T_TYPE __rlim_t; /* Type for resource measurement.  */
 ^~~~~~~~~~
 __S32_TYPE
/home/sui/sdx55-sdk-installed/sysroots/armv7at2hf-neon-oe-linux-gnueabi/usr/include/bits/types.h:155:26: error: expected ‘=’, ‘,’, ‘;’, ‘asm’ or ‘__attribute__’ before ‘__rlim_t’
 __STD_TYPE __RLIM_T_TYPE __rlim_t; /* Type for resource measurement.  */
                          ^~~~~~~~
/home/sui/sdx55-sdk-installed/sysroots/armv7at2hf-neon-oe-linux-gnueabi/usr/include/bits/types.h:156:1: error: unknown type name ‘__STD_TYPE’; did you mean ‘__S32_TYPE’?
 __STD_TYPE __RLIM64_T_TYPE __rlim64_t; /* Type for resource measurement (LFS).  */
 ^~~~~~~~~~
 __S32_TYPE
/home/sui/sdx55-sdk-installed/sysroots/armv7at2hf-neon-oe-linux-gnueabi/usr/include/bits/types.h:156:28: error: expected ‘=’, ‘,’, ‘;’, ‘asm’ or ‘__attribute__’ before ‘__rlim64_t’
 __STD_TYPE __RLIM64_T_TYPE __rlim64_t; /* Type for resource measurement (LFS).  */
                            ^~~~~~~~~~
/home/sui/sdx55-sdk-installed/sysroots/armv7at2hf-neon-oe-linux-gnueabi/usr/include/bits/types.h:157:1: error: unknown type name ‘__STD_TYPE’; did you mean ‘__S32_TYPE’?
 __STD_TYPE __ID_T_TYPE __id_t;  /* General type for IDs.  */
 ^~~~~~~~~~
 __S32_TYPE
/home/sui/sdx55-sdk-installed/sysroots/armv7at2hf-neon-oe-linux-gnueabi/usr/include/bits/types.h:157:24: error: expected ‘=’, ‘,’, ‘;’, ‘asm’ or ‘__attribute__’ before ‘__id_t’
 __STD_TYPE __ID_T_TYPE __id_t;  /* General type for IDs.  */
                        ^~~~~~
/home/sui/sdx55-sdk-installed/sysroots/armv7at2hf-neon-oe-linux-gnueabi/usr/include/bits/types.h:158:1: error: unknown type name ‘__STD_TYPE’; did you mean ‘__S32_TYPE’?
 __STD_TYPE __TIME_T_TYPE __time_t; /* Seconds since the Epoch.  */
 ^~~~~~~~~~
 __S32_TYPE
/home/sui/sdx55-sdk-installed/sysroots/armv7at2hf-neon-oe-linux-gnueabi/usr/include/bits/types.h:158:26: error: expected ‘=’, ‘,’, ‘;’, ‘asm’ or ‘__attribute__’ before ‘__time_t’
 __STD_TYPE __TIME_T_TYPE __time_t; /* Seconds since the Epoch.  */
                          ^~~~~~~~
/home/sui/sdx55-sdk-installed/sysroots/armv7at2hf-neon-oe-linux-gnueabi/usr/include/bits/types.h:159:1: error: unknown type name ‘__STD_TYPE’; did you mean ‘__S32_TYPE’?
 __STD_TYPE __USECONDS_T_TYPE __useconds_t; /* Count of microseconds.  */
 ^~~~~~~~~~
 __S32_TYPE
/home/sui/sdx55-sdk-installed/sysroots/armv7at2hf-neon-oe-linux-gnueabi/usr/include/bits/types.h:159:30: error: expected ‘=’, ‘,’, ‘;’, ‘asm’ or ‘__attribute__’ before ‘__useconds_t’
 __STD_TYPE __USECONDS_T_TYPE __useconds_t; /* Count of microseconds.  */
                              ^~~~~~~~~~~~
/home/sui/sdx55-sdk-installed/sysroots/armv7at2hf-neon-oe-linux-gnueabi/usr/include/bits/types.h:160:1: error: unknown type name ‘__STD_TYPE’; did you mean ‘__S32_TYPE’?
 __STD_TYPE __SUSECONDS_T_TYPE __suseconds_t; /* Signed count of microseconds.  */
 ^~~~~~~~~~
 __S32_TYPE
/home/sui/sdx55-sdk-installed/sysroots/armv7at2hf-neon-oe-linux-gnueabi/usr/include/bits/types.h:160:31: error: expected ‘=’, ‘,’, ‘;’, ‘asm’ or ‘__attribute__’ before ‘__suseconds_t’
 __STD_TYPE __SUSECONDS_T_TYPE __suseconds_t; /* Signed count of microseconds.  */
                               ^~~~~~~~~~~~~
/home/sui/sdx55-sdk-installed/sysroots/armv7at2hf-neon-oe-linux-gnueabi/usr/include/bits/types.h:162:1: error: unknown type name ‘__STD_TYPE’; did you mean ‘__S32_TYPE’?
 __STD_TYPE __DADDR_T_TYPE __daddr_t; /* The type of a disk address.  */
 ^~~~~~~~~~
 __S32_TYPE
/home/sui/sdx55-sdk-installed/sysroots/armv7at2hf-neon-oe-linux-gnueabi/usr/include/bits/types.h:162:27: error: expected ‘=’, ‘,’, ‘;’, ‘asm’ or ‘__attribute__’ before ‘__daddr_t’
 __STD_TYPE __DADDR_T_TYPE __daddr_t; /* The type of a disk address.  */
                           ^~~~~~~~~
/home/sui/sdx55-sdk-installed/sysroots/armv7at2hf-neon-oe-linux-gnueabi/usr/include/bits/types.h:163:1: error: unknown type name ‘__STD_TYPE’; did you mean ‘__S32_TYPE’?
 __STD_TYPE __KEY_T_TYPE __key_t; /* Type of an IPC key.  */
 ^~~~~~~~~~
 __S32_TYPE
/home/sui/sdx55-sdk-installed/sysroots/armv7at2hf-neon-oe-linux-gnueabi/usr/include/bits/types.h:163:25: error: expected ‘=’, ‘,’, ‘;’, ‘asm’ or ‘__attribute__’ before ‘__key_t’
 __STD_TYPE __KEY_T_TYPE __key_t; /* Type of an IPC key.  */
                         ^~~~~~~
/home/sui/sdx55-sdk-installed/sysroots/armv7at2hf-neon-oe-linux-gnueabi/usr/include/bits/types.h:166:1: error: unknown type name ‘__STD_TYPE’; did you mean ‘__S32_TYPE’?
 __STD_TYPE __CLOCKID_T_TYPE __clockid_t;
 ^~~~~~~~~~
 __S32_TYPE
/home/sui/sdx55-sdk-installed/sysroots/armv7at2hf-neon-oe-linux-gnueabi/usr/include/bits/types.h:166:29: error: expected ‘=’, ‘,’, ‘;’, ‘asm’ or ‘__attribute__’ before ‘__clockid_t’
 __STD_TYPE __CLOCKID_T_TYPE __clockid_t;
                             ^~~~~~~~~~~
/home/sui/sdx55-sdk-installed/sysroots/armv7at2hf-neon-oe-linux-gnueabi/usr/include/bits/types.h:169:1: error: unknown type name ‘__STD_TYPE’; did you mean ‘__S32_TYPE’?
 __STD_TYPE __TIMER_T_TYPE __timer_t;
 ^~~~~~~~~~
 __S32_TYPE
/home/sui/sdx55-sdk-installed/sysroots/armv7at2hf-neon-oe-linux-gnueabi/usr/include/bits/types.h:169:27: error: expected ‘=’, ‘,’, ‘;’, ‘asm’ or ‘__attribute__’ before ‘__timer_t’
 __STD_TYPE __TIMER_T_TYPE __timer_t;
                           ^~~~~~~~~
/home/sui/sdx55-sdk-installed/sysroots/armv7at2hf-neon-oe-linux-gnueabi/usr/include/bits/types.h:172:1: error: unknown type name ‘__STD_TYPE’; did you mean ‘__S32_TYPE’?
 __STD_TYPE __BLKSIZE_T_TYPE __blksize_t;
 ^~~~~~~~~~
 __S32_TYPE
/home/sui/sdx55-sdk-installed/sysroots/armv7at2hf-neon-oe-linux-gnueabi/usr/include/bits/types.h:172:29: error: expected ‘=’, ‘,’, ‘;’, ‘asm’ or ‘__attribute__’ before ‘__blksize_t’
 __STD_TYPE __BLKSIZE_T_TYPE __blksize_t;
                             ^~~~~~~~~~~
/home/sui/sdx55-sdk-installed/sysroots/armv7at2hf-neon-oe-linux-gnueabi/usr/include/bits/types.h:177:1: error: unknown type name ‘__STD_TYPE’; did you mean ‘__S32_TYPE’?
 __STD_TYPE __BLKCNT_T_TYPE __blkcnt_t;
 ^~~~~~~~~~
 __S32_TYPE
/home/sui/sdx55-sdk-installed/sysroots/armv7at2hf-neon-oe-linux-gnueabi/usr/include/bits/types.h:177:28: error: expected ‘=’, ‘,’, ‘;’, ‘asm’ or ‘__attribute__’ before ‘__blkcnt_t’
 __STD_TYPE __BLKCNT_T_TYPE __blkcnt_t;
                            ^~~~~~~~~~
/home/sui/sdx55-sdk-installed/sysroots/armv7at2hf-neon-oe-linux-gnueabi/usr/include/bits/types.h:178:1: error: unknown type name ‘__STD_TYPE’; did you mean ‘__S32_TYPE’?
 __STD_TYPE __BLKCNT64_T_TYPE __blkcnt64_t;
 ^~~~~~~~~~
 __S32_TYPE
/home/sui/sdx55-sdk-installed/sysroots/armv7at2hf-neon-oe-linux-gnueabi/usr/include/bits/types.h:178:30: error: expected ‘=’, ‘,’, ‘;’, ‘asm’ or ‘__attribute__’ before ‘__blkcnt64_t’
 __STD_TYPE __BLKCNT64_T_TYPE __blkcnt64_t;
                              ^~~~~~~~~~~~
/home/sui/sdx55-sdk-installed/sysroots/armv7at2hf-neon-oe-linux-gnueabi/usr/include/bits/types.h:181:1: error: unknown type name ‘__STD_TYPE’; did you mean ‘__S32_TYPE’?
 __STD_TYPE __FSBLKCNT_T_TYPE __fsblkcnt_t;
 ^~~~~~~~~~
 __S32_TYPE
/home/sui/sdx55-sdk-installed/sysroots/armv7at2hf-neon-oe-linux-gnueabi/usr/include/bits/types.h:181:30: error: expected ‘=’, ‘,’, ‘;’, ‘asm’ or ‘__attribute__’ before ‘__fsblkcnt_t’
 __STD_TYPE __FSBLKCNT_T_TYPE __fsblkcnt_t;
                              ^~~~~~~~~~~~
/home/sui/sdx55-sdk-installed/sysroots/armv7at2hf-neon-oe-linux-gnueabi/usr/include/bits/types.h:182:1: error: unknown type name ‘__STD_TYPE’; did you mean ‘__S32_TYPE’?
 __STD_TYPE __FSBLKCNT64_T_TYPE __fsblkcnt64_t;
 ^~~~~~~~~~
 __S32_TYPE
/home/sui/sdx55-sdk-installed/sysroots/armv7at2hf-neon-oe-linux-gnueabi/usr/include/bits/types.h:182:32: error: expected ‘=’, ‘,’, ‘;’, ‘asm’ or ‘__attribute__’ before ‘__fsblkcnt64_t’
 __STD_TYPE __FSBLKCNT64_T_TYPE __fsblkcnt64_t;
                                ^~~~~~~~~~~~~~
/home/sui/sdx55-sdk-installed/sysroots/armv7at2hf-neon-oe-linux-gnueabi/usr/include/bits/types.h:185:1: error: unknown type name ‘__STD_TYPE’; did you mean ‘__S32_TYPE’?
 __STD_TYPE __FSFILCNT_T_TYPE __fsfilcnt_t;
 ^~~~~~~~~~
 __S32_TYPE
/home/sui/sdx55-sdk-installed/sysroots/armv7at2hf-neon-oe-linux-gnueabi/usr/include/bits/types.h:185:30: error: expected ‘=’, ‘,’, ‘;’, ‘asm’ or ‘__attribute__’ before ‘__fsfilcnt_t’
 __STD_TYPE __FSFILCNT_T_TYPE __fsfilcnt_t;
                              ^~~~~~~~~~~~
/home/sui/sdx55-sdk-installed/sysroots/armv7at2hf-neon-oe-linux-gnueabi/usr/include/bits/types.h:186:1: error: unknown type name ‘__STD_TYPE’; did you mean ‘__S32_TYPE’?
 __STD_TYPE __FSFILCNT64_T_TYPE __fsfilcnt64_t;
 ^~~~~~~~~~
 __S32_TYPE
/home/sui/sdx55-sdk-installed/sysroots/armv7at2hf-neon-oe-linux-gnueabi/usr/include/bits/types.h:186:32: error: expected ‘=’, ‘,’, ‘;’, ‘asm’ or ‘__attribute__’ before ‘__fsfilcnt64_t’
 __STD_TYPE __FSFILCNT64_T_TYPE __fsfilcnt64_t;
                                ^~~~~~~~~~~~~~
/home/sui/sdx55-sdk-installed/sysroots/armv7at2hf-neon-oe-linux-gnueabi/usr/include/bits/types.h:189:1: error: unknown type name ‘__STD_TYPE’; did you mean ‘__S32_TYPE’?
 __STD_TYPE __FSWORD_T_TYPE __fsword_t;
 ^~~~~~~~~~
 __S32_TYPE
/home/sui/sdx55-sdk-installed/sysroots/armv7at2hf-neon-oe-linux-gnueabi/usr/include/bits/types.h:189:28: error: expected ‘=’, ‘,’, ‘;’, ‘asm’ or ‘__attribute__’ before ‘__fsword_t’
 __STD_TYPE __FSWORD_T_TYPE __fsword_t;
                            ^~~~~~~~~~
/home/sui/sdx55-sdk-installed/sysroots/armv7at2hf-neon-oe-linux-gnueabi/usr/include/bits/types.h:191:1: error: unknown type name ‘__STD_TYPE’; did you mean ‘__S32_TYPE’?
 __STD_TYPE __SSIZE_T_TYPE __ssize_t; /* Type of a byte count, or error.  */
 ^~~~~~~~~~
 __S32_TYPE
/home/sui/sdx55-sdk-installed/sysroots/armv7at2hf-neon-oe-linux-gnueabi/usr/include/bits/types.h:191:27: error: expected ‘=’, ‘,’, ‘;’, ‘asm’ or ‘__attribute__’ before ‘__ssize_t’
 __STD_TYPE __SSIZE_T_TYPE __ssize_t; /* Type of a byte count, or error.  */
                           ^~~~~~~~~
/home/sui/sdx55-sdk-installed/sysroots/armv7at2hf-neon-oe-linux-gnueabi/usr/include/bits/types.h:194:1: error: unknown type name ‘__STD_TYPE’; did you mean ‘__S32_TYPE’?
 __STD_TYPE __SYSCALL_SLONG_TYPE __syscall_slong_t;
 ^~~~~~~~~~
 __S32_TYPE
/home/sui/sdx55-sdk-installed/sysroots/armv7at2hf-neon-oe-linux-gnueabi/usr/include/bits/types.h:194:33: error: expected ‘=’, ‘,’, ‘;’, ‘asm’ or ‘__attribute__’ before ‘__syscall_slong_t’
 __STD_TYPE __SYSCALL_SLONG_TYPE __syscall_slong_t;
                                 ^~~~~~~~~~~~~~~~~
/home/sui/sdx55-sdk-installed/sysroots/armv7at2hf-neon-oe-linux-gnueabi/usr/include/bits/types.h:196:1: error: unknown type name ‘__STD_TYPE’; did you mean ‘__S32_TYPE’?
 __STD_TYPE __SYSCALL_ULONG_TYPE __syscall_ulong_t;
 ^~~~~~~~~~
 __S32_TYPE
/home/sui/sdx55-sdk-installed/sysroots/armv7at2hf-neon-oe-linux-gnueabi/usr/include/bits/types.h:196:33: error: expected ‘=’, ‘,’, ‘;’, ‘asm’ or ‘__attribute__’ before ‘__syscall_ulong_t’
 __STD_TYPE __SYSCALL_ULONG_TYPE __syscall_ulong_t;
                                 ^~~~~~~~~~~~~~~~~
/home/sui/sdx55-sdk-installed/sysroots/armv7at2hf-neon-oe-linux-gnueabi/usr/include/bits/types.h:200:9: error: unknown type name ‘__off64_t’
 typedef __off64_t __loff_t; /* Type of file sizes and offsets (LFS).  */
         ^~~~~~~~~
/home/sui/sdx55-sdk-installed/sysroots/armv7at2hf-neon-oe-linux-gnueabi/usr/include/bits/types.h:204:1: error: unknown type name ‘__STD_TYPE’; did you mean ‘__S32_TYPE’?
 __STD_TYPE __SWORD_TYPE __intptr_t;
 ^~~~~~~~~~
 __S32_TYPE
/home/sui/sdx55-sdk-installed/sysroots/armv7at2hf-neon-oe-linux-gnueabi/usr/include/bits/types.h:204:25: error: expected ‘=’, ‘,’, ‘;’, ‘asm’ or ‘__attribute__’ before ‘__intptr_t’
 __STD_TYPE __SWORD_TYPE __intptr_t;
                         ^~~~~~~~~~
In file included from /home/sui/sdx55-sdk-installed/sysroots/armv7at2hf-neon-oe-linux-gnueabi/usr/include/bits/byteswap.h:27:0,
                 from /home/sui/sdx55-sdk-installed/sysroots/armv7at2hf-neon-oe-linux-gnueabi/usr/include/endian.h:60,
                 from /home/sui/sdx55-sdk-installed/sysroots/armv7at2hf-neon-oe-linux-gnueabi/usr/include/pthread.h:22,
                 from /home/sui/src/kevin/mqttclient-master/CMakeFiles/CMakeTmp/CheckIncludeFile.c:1:
/home/sui/sdx55-sdk-installed/sysroots/armv7at2hf-neon-oe-linux-gnueabi/usr/include/bits/types.h:207:12: error: expected ‘=’, ‘,’, ‘;’, ‘asm’ or ‘__attribute__’ before ‘unsigned’
 __STD_TYPE __U32_TYPE __socklen_t;
            ^
In file included from /home/sui/sdx55-sdk-installed/sysroots/armv7at2hf-neon-oe-linux-gnueabi/usr/include/sched.h:31:0,
                 from /home/sui/sdx55-sdk-installed/sysroots/armv7at2hf-neon-oe-linux-gnueabi/usr/include/pthread.h:23,
                 from /home/sui/src/kevin/mqttclient-master/CMakeFiles/CMakeTmp/CheckIncludeFile.c:1:
/home/sui/sdx55-sdk-installed/sysroots/armv7at2hf-neon-oe-linux-gnueabi/usr/include/bits/types/time_t.h:7:9: error: unknown type name ‘__time_t’
 typedef __time_t time_t;
         ^~~~~~~~
In file included from /home/sui/sdx55-sdk-installed/sysroots/armv7at2hf-neon-oe-linux-gnueabi/usr/include/sched.h:32:0,
                 from /home/sui/sdx55-sdk-installed/sysroots/armv7at2hf-neon-oe-linux-gnueabi/usr/include/pthread.h:23,
                 from /home/sui/src/kevin/mqttclient-master/CMakeFiles/CMakeTmp/CheckIncludeFile.c:1:
/home/sui/sdx55-sdk-installed/sysroots/armv7at2hf-neon-oe-linux-gnueabi/usr/include/bits/types/struct_timespec.h:11:3: error: unknown type name ‘__time_t’
   __time_t tv_sec;  /* Seconds.  */
   ^~~~~~~~
/home/sui/sdx55-sdk-installed/sysroots/armv7at2hf-neon-oe-linux-gnueabi/usr/include/bits/types/struct_timespec.h:12:3: error: unknown type name ‘__syscall_slong_t’
   __syscall_slong_t tv_nsec; /* Nanoseconds.  */
   ^~~~~~~~~~~~~~~~~
In file included from /home/sui/sdx55-sdk-installed/sysroots/armv7at2hf-neon-oe-linux-gnueabi/usr/include/pthread.h:23:0,
                 from /home/sui/src/kevin/mqttclient-master/CMakeFiles/CMakeTmp/CheckIncludeFile.c:1:
/home/sui/sdx55-sdk-installed/sysroots/armv7at2hf-neon-oe-linux-gnueabi/usr/include/sched.h:38:9: error: unknown type name ‘__pid_t’
 typedef __pid_t pid_t;
         ^~~~~~~
In file included from /home/sui/sdx55-sdk-installed/sysroots/armv7at2hf-neon-oe-linux-gnueabi/usr/include/sched.h:44:0,
                 from /home/sui/sdx55-sdk-installed/sysroots/armv7at2hf-neon-oe-linux-gnueabi/usr/include/pthread.h:23,
                 from /home/sui/src/kevin/mqttclient-master/CMakeFiles/CMakeTmp/CheckIncludeFile.c:1:
/home/sui/sdx55-sdk-installed/sysroots/armv7at2hf-neon-oe-linux-gnueabi/usr/include/bits/cpu-set.h:32:9: error: unknown type name ‘__CPU_MASK_TYPE’
 typedef __CPU_MASK_TYPE __cpu_mask;
         ^~~~~~~~~~~~~~~
In file included from /home/sui/sdx55-sdk-installed/sysroots/armv7at2hf-neon-oe-linux-gnueabi/usr/include/pthread.h:23:0,
                 from /home/sui/src/kevin/mqttclient-master/CMakeFiles/CMakeTmp/CheckIncludeFile.c:1:
/home/sui/sdx55-sdk-installed/sysroots/armv7at2hf-neon-oe-linux-gnueabi/usr/include/sched.h:54:28: error: unknown type name ‘__pid_t’; did you mean ‘pid_t’?
 extern int sched_setparam (__pid_t __pid, const struct sched_param *__param)
                            ^~~~~~~
                            pid_t
/home/sui/sdx55-sdk-installed/sysroots/armv7at2hf-neon-oe-linux-gnueabi/usr/include/sched.h:58:28: error: unknown type name ‘__pid_t’; did you mean ‘pid_t’?
 extern int sched_getparam (__pid_t __pid, struct sched_param *__param) __THROW;
                            ^~~~~~~
                            pid_t
/home/sui/sdx55-sdk-installed/sysroots/armv7at2hf-neon-oe-linux-gnueabi/usr/include/sched.h:61:32: error: unknown type name ‘__pid_t’; did you mean ‘pid_t’?
 extern int sched_setscheduler (__pid_t __pid, int __policy,
                                ^~~~~~~
                                pid_t
/home/sui/sdx55-sdk-installed/sysroots/armv7at2hf-neon-oe-linux-gnueabi/usr/include/sched.h:65:32: error: unknown type name ‘__pid_t’; did you mean ‘pid_t’?
 extern int sched_getscheduler (__pid_t __pid) __THROW;
                                ^~~~~~~
                                pid_t
/home/sui/sdx55-sdk-installed/sysroots/armv7at2hf-neon-oe-linux-gnueabi/usr/include/sched.h:77:35: error: unknown type name ‘__pid_t’; did you mean ‘pid_t’?
 extern int sched_rr_get_interval (__pid_t __pid, struct timespec *__t) __THROW;
                                   ^~~~~~~
                                   pid_t
In file included from /home/sui/sdx55-sdk-installed/sysroots/armv7at2hf-neon-oe-linux-gnueabi/usr/include/time.h:37:0,
                 from /home/sui/sdx55-sdk-installed/sysroots/armv7at2hf-neon-oe-linux-gnueabi/usr/include/pthread.h:24,
                 from /home/sui/src/kevin/mqttclient-master/CMakeFiles/CMakeTmp/CheckIncludeFile.c:1:
/home/sui/sdx55-sdk-installed/sysroots/armv7at2hf-neon-oe-linux-gnueabi/usr/include/bits/types/clock_t.h:7:9: error: unknown type name ‘__clock_t’
 typedef __clock_t clock_t;
         ^~~~~~~~~
In file included from /home/sui/sdx55-sdk-installed/sysroots/armv7at2hf-neon-oe-linux-gnueabi/usr/include/time.h:46:0,
                 from /home/sui/sdx55-sdk-installed/sysroots/armv7at2hf-neon-oe-linux-gnueabi/usr/include/pthread.h:24,
                 from /home/sui/src/kevin/mqttclient-master/CMakeFiles/CMakeTmp/CheckIncludeFile.c:1:
/home/sui/sdx55-sdk-installed/sysroots/armv7at2hf-neon-oe-linux-gnueabi/usr/include/bits/types/clockid_t.h:7:9: error: unknown type name ‘__clockid_t’
 typedef __clockid_t clockid_t;
         ^~~~~~~~~~~
In file included from /home/sui/sdx55-sdk-installed/sysroots/armv7at2hf-neon-oe-linux-gnueabi/usr/include/time.h:47:0,
                 from /home/sui/sdx55-sdk-installed/sysroots/armv7at2hf-neon-oe-linux-gnueabi/usr/include/pthread.h:24,
                 from /home/sui/src/kevin/mqttclient-master/CMakeFiles/CMakeTmp/CheckIncludeFile.c:1:
/home/sui/sdx55-sdk-installed/sysroots/armv7at2hf-neon-oe-linux-gnueabi/usr/include/bits/types/timer_t.h:7:9: error: unknown type name ‘__timer_t’
 typedef __timer_t timer_t;
         ^~~~~~~~~
In file included from /home/sui/sdx55-sdk-installed/sysroots/armv7at2hf-neon-oe-linux-gnueabi/usr/include/pthread.h:26:0,
                 from /home/sui/src/kevin/mqttclient-master/CMakeFiles/CMakeTmp/CheckIncludeFile.c:1:
/home/sui/sdx55-sdk-installed/sysroots/armv7at2hf-neon-oe-linux-gnueabi/usr/include/bits/pthreadtypes.h:39:2: error: #error "__WORDSIZE is not defined"
 #error "__WORDSIZE is not defined"
  ^~~~~
/home/sui/sdx55-sdk-installed/sysroots/armv7at2hf-neon-oe-linux-gnueabi/usr/include/bits/pthreadtypes.h:62:2: error: #error "Unknown __WORDSIZE detected"
 #error "Unknown __WORDSIZE detected"
  ^~~~~
In file included from /home/sui/sdx55-sdk-installed/sysroots/armv7at2hf-neon-oe-linux-gnueabi/usr/include/pthread.h:27:0,
                 from /home/sui/src/kevin/mqttclient-master/CMakeFiles/CMakeTmp/CheckIncludeFile.c:1:
/home/sui/sdx55-sdk-installed/sysroots/armv7at2hf-neon-oe-linux-gnueabi/usr/include/bits/setjmp.h:39:2: error: #error "__WORDSIZE is not defined"
 #error "__WORDSIZE is not defined"
  ^~~~~
/home/sui/sdx55-sdk-installed/sysroots/armv7at2hf-neon-oe-linux-gnueabi/usr/include/bits/setjmp.h:62:2: error: #error "Unknown __WORDSIZE detected"
 #error "Unknown __WORDSIZE detected"
  ^~~~~
In file included from /home/sui/src/kevin/mqttclient-master/CMakeFiles/CMakeTmp/CheckIncludeFile.c:1:0:
/home/sui/sdx55-sdk-installed/sysroots/armv7at2hf-neon-oe-linux-gnueabi/usr/include/pthread.h:234:28: error: unknown type name ‘pthread_t’
 extern int pthread_create (pthread_t *__restrict __newthread,
                            ^~~~~~~~~
/home/sui/sdx55-sdk-installed/sysroots/armv7at2hf-neon-oe-linux-gnueabi/usr/include/pthread.h:235:13: error: unknown type name ‘pthread_attr_t’
       const pthread_attr_t *__restrict __attr,
             ^~~~~~~~~~~~~~
/home/sui/sdx55-sdk-installed/sysroots/armv7at2hf-neon-oe-linux-gnueabi/usr/include/pthread.h:251:26: error: unknown type name ‘pthread_t’
 extern int pthread_join (pthread_t __th, void **__thread_return);
                          ^~~~~~~~~
/home/sui/sdx55-sdk-installed/sysroots/armv7at2hf-neon-oe-linux-gnueabi/usr/include/pthread.h:272:28: error: unknown type name ‘pthread_t’
 extern int pthread_detach (pthread_t __th) __THROW;
                            ^~~~~~~~~
/home/sui/sdx55-sdk-installed/sysroots/armv7at2hf-neon-oe-linux-gnueabi/usr/include/pthread.h:276:8: error: unknown type name ‘pthread_t’
 extern pthread_t pthread_self (void) __THROW __attribute__ ((__const__));
        ^~~~~~~~~
/home/sui/sdx55-sdk-installed/sysroots/armv7at2hf-neon-oe-linux-gnueabi/usr/include/pthread.h:279:27: error: unknown type name ‘pthread_t’
 extern int pthread_equal (pthread_t __thread1, pthread_t __thread2)
                           ^~~~~~~~~
/home/sui/sdx55-sdk-installed/sysroots/armv7at2hf-neon-oe-linux-gnueabi/usr/include/pthread.h:279:48: error: unknown type name ‘pthread_t’
 extern int pthread_equal (pthread_t __thread1, pthread_t __thread2)
                                                ^~~~~~~~~
/home/sui/sdx55-sdk-installed/sysroots/armv7at2hf-neon-oe-linux-gnueabi/usr/include/pthread.h:288:31: error: unknown type name ‘pthread_attr_t’
 extern int pthread_attr_init (pthread_attr_t *__attr) __THROW __nonnull ((1));
                               ^~~~~~~~~~~~~~
/home/sui/sdx55-sdk-installed/sysroots/armv7at2hf-neon-oe-linux-gnueabi/usr/include/pthread.h:291:34: error: unknown type name ‘pthread_attr_t’
 extern int pthread_attr_destroy (pthread_attr_t *__attr)
                                  ^~~~~~~~~~~~~~
/home/sui/sdx55-sdk-installed/sysroots/armv7at2hf-neon-oe-linux-gnueabi/usr/include/pthread.h:295:47: error: unknown type name ‘pthread_attr_t’
 extern int pthread_attr_getdetachstate (const pthread_attr_t *__attr,
                                               ^~~~~~~~~~~~~~
/home/sui/sdx55-sdk-installed/sysroots/armv7at2hf-neon-oe-linux-gnueabi/usr/include/pthread.h:300:41: error: unknown type name ‘pthread_attr_t’
 extern int pthread_attr_setdetachstate (pthread_attr_t *__attr,
                                         ^~~~~~~~~~~~~~
/home/sui/sdx55-sdk-installed/sysroots/armv7at2hf-neon-oe-linux-gnueabi/usr/include/pthread.h:306:45: error: unknown type name ‘pthread_attr_t’
 extern int pthread_attr_getguardsize (const pthread_attr_t *__attr,
                                             ^~~~~~~~~~~~~~
/home/sui/sdx55-sdk-installed/sysroots/armv7at2hf-neon-oe-linux-gnueabi/usr/include/pthread.h:311:39: error: unknown type name ‘pthread_attr_t’
 extern int pthread_attr_setguardsize (pthread_attr_t *__attr,
                                       ^~~~~~~~~~~~~~
/home/sui/sdx55-sdk-installed/sysroots/armv7at2hf-neon-oe-linux-gnueabi/usr/include/pthread.h:317:46: error: unknown type name ‘pthread_attr_t’
 extern int pthread_attr_getschedparam (const pthread_attr_t *__restrict __attr,
                                              ^~~~~~~~~~~~~~
/home/sui/sdx55-sdk-installed/sysroots/armv7at2hf-neon-oe-linux-gnueabi/usr/include/pthread.h:322:40: error: unknown type name ‘pthread_attr_t’
 extern int pthread_attr_setschedparam (pthread_attr_t *__restrict __attr,
                                        ^~~~~~~~~~~~~~
/home/sui/sdx55-sdk-installed/sysroots/armv7at2hf-neon-oe-linux-gnueabi/usr/include/pthread.h:327:47: error: unknown type name ‘pthread_attr_t’
 extern int pthread_attr_getschedpolicy (const pthread_attr_t *__restrict
                                               ^~~~~~~~~~~~~~
/home/sui/sdx55-sdk-installed/sysroots/armv7at2hf-neon-oe-linux-gnueabi/usr/include/pthread.h:332:41: error: unknown type name ‘pthread_attr_t’
 extern int pthread_attr_setschedpolicy (pthread_attr_t *__attr, int __policy)
                                         ^~~~~~~~~~~~~~
/home/sui/sdx55-sdk-installed/sysroots/armv7at2hf-neon-oe-linux-gnueabi/usr/include/pthread.h:336:48: error: unknown type name ‘pthread_attr_t’
 extern int pthread_attr_getinheritsched (const pthread_attr_t *__restrict
                                                ^~~~~~~~~~~~~~
/home/sui/sdx55-sdk-installed/sysroots/armv7at2hf-neon-oe-linux-gnueabi/usr/include/pthread.h:341:42: error: unknown type name ‘pthread_attr_t’
 extern int pthread_attr_setinheritsched (pthread_attr_t *__attr,
                                          ^~~~~~~~~~~~~~
/home/sui/sdx55-sdk-installed/sysroots/armv7at2hf-neon-oe-linux-gnueabi/usr/include/pthread.h:347:41: error: unknown type name ‘pthread_attr_t’
 extern int pthread_attr_getscope (const pthread_attr_t *__restrict __attr,
                                         ^~~~~~~~~~~~~~
/home/sui/sdx55-sdk-installed/sysroots/armv7at2hf-neon-oe-linux-gnueabi/usr/include/pthread.h:352:35: error: unknown type name ‘pthread_attr_t’
 extern int pthread_attr_setscope (pthread_attr_t *__attr, int __scope)
                                   ^~~~~~~~~~~~~~
/home/sui/sdx55-sdk-installed/sysroots/armv7at2hf-neon-oe-linux-gnueabi/usr/include/pthread.h:356:45: error: unknown type name ‘pthread_attr_t’
 extern int pthread_attr_getstackaddr (const pthread_attr_t *__restrict
                                             ^~~~~~~~~~~~~~
/home/sui/sdx55-sdk-installed/sysroots/armv7at2hf-neon-oe-linux-gnueabi/usr/include/pthread.h:364:39: error: unknown type name ‘pthread_attr_t’
 extern int pthread_attr_setstackaddr (pthread_attr_t *__attr,
                                       ^~~~~~~~~~~~~~
/home/sui/sdx55-sdk-installed/sysroots/armv7at2hf-neon-oe-linux-gnueabi/usr/include/pthread.h:369:45: error: unknown type name ‘pthread_attr_t’
 extern int pthread_attr_getstacksize (const pthread_attr_t *__restrict
                                             ^~~~~~~~~~~~~~
/home/sui/sdx55-sdk-installed/sysroots/armv7at2hf-neon-oe-linux-gnueabi/usr/include/pthread.h:376:39: error: unknown type name ‘pthread_attr_t’
 extern int pthread_attr_setstacksize (pthread_attr_t *__attr,
                                       ^~~~~~~~~~~~~~
/home/sui/sdx55-sdk-installed/sysroots/armv7at2hf-neon-oe-linux-gnueabi/usr/include/pthread.h:382:41: error: unknown type name ‘pthread_attr_t’
 extern int pthread_attr_getstack (const pthread_attr_t *__restrict __attr,
                                         ^~~~~~~~~~~~~~
/home/sui/sdx55-sdk-installed/sysroots/armv7at2hf-neon-oe-linux-gnueabi/usr/include/pthread.h:390:35: error: unknown type name ‘pthread_attr_t’
 extern int pthread_attr_setstack (pthread_attr_t *__attr, void *__stackaddr,
                                   ^~~~~~~~~~~~~~
/home/sui/sdx55-sdk-installed/sysroots/armv7at2hf-neon-oe-linux-gnueabi/usr/include/pthread.h:430:35: error: unknown type name ‘pthread_t’
 extern int pthread_setschedparam (pthread_t __target_thread, int __policy,
                                   ^~~~~~~~~
/home/sui/sdx55-sdk-installed/sysroots/armv7at2hf-neon-oe-linux-gnueabi/usr/include/pthread.h:435:35: error: unknown type name ‘pthread_t’
 extern int pthread_getschedparam (pthread_t __target_thread,
                                   ^~~~~~~~~
/home/sui/sdx55-sdk-installed/sysroots/armv7at2hf-neon-oe-linux-gnueabi/usr/include/pthread.h:441:34: error: unknown type name ‘pthread_t’
 extern int pthread_setschedprio (pthread_t __target_thread, int __prio)
                                  ^~~~~~~~~
/home/sui/sdx55-sdk-installed/sysroots/armv7at2hf-neon-oe-linux-gnueabi/usr/include/pthread.h:495:26: error: unknown type name ‘pthread_once_t’
 extern int pthread_once (pthread_once_t *__once_control,
                          ^~~~~~~~~~~~~~
/home/sui/sdx55-sdk-installed/sysroots/armv7at2hf-neon-oe-linux-gnueabi/usr/include/pthread.h:514:28: error: unknown type name ‘pthread_t’
 extern int pthread_cancel (pthread_t __th);
                            ^~~~~~~~~
/home/sui/sdx55-sdk-installed/sysroots/armv7at2hf-neon-oe-linux-gnueabi/usr/include/pthread.h:528:5: error: unknown type name ‘__jmp_buf’
     __jmp_buf __cancel_jmp_buf;
     ^~~~~~~~~
/home/sui/sdx55-sdk-installed/sysroots/armv7at2hf-neon-oe-linux-gnueabi/usr/include/pthread.h:750:32: error: unknown type name ‘pthread_mutex_t’
 extern int pthread_mutex_init (pthread_mutex_t *__mutex,
                                ^~~~~~~~~~~~~~~
/home/sui/sdx55-sdk-installed/sysroots/armv7at2hf-neon-oe-linux-gnueabi/usr/include/pthread.h:751:17: error: unknown type name ‘pthread_mutexattr_t’
           const pthread_mutexattr_t *__mutexattr)
                 ^~~~~~~~~~~~~~~~~~~
/home/sui/sdx55-sdk-installed/sysroots/armv7at2hf-neon-oe-linux-gnueabi/usr/include/pthread.h:755:35: error: unknown type name ‘pthread_mutex_t’
 extern int pthread_mutex_destroy (pthread_mutex_t *__mutex)
                                   ^~~~~~~~~~~~~~~
/home/sui/sdx55-sdk-installed/sysroots/armv7at2hf-neon-oe-linux-gnueabi/usr/include/pthread.h:759:35: error: unknown type name ‘pthread_mutex_t’
 extern int pthread_mutex_trylock (pthread_mutex_t *__mutex)
                                   ^~~~~~~~~~~~~~~
/home/sui/sdx55-sdk-installed/sysroots/armv7at2hf-neon-oe-linux-gnueabi/usr/include/pthread.h:763:32: error: unknown type name ‘pthread_mutex_t’
 extern int pthread_mutex_lock (pthread_mutex_t *__mutex)
                                ^~~~~~~~~~~~~~~
/home/sui/sdx55-sdk-installed/sysroots/armv7at2hf-neon-oe-linux-gnueabi/usr/include/pthread.h:768:37: error: unknown type name ‘pthread_mutex_t’
 extern int pthread_mutex_timedlock (pthread_mutex_t *__restrict __mutex,
                                     ^~~~~~~~~~~~~~~
/home/sui/sdx55-sdk-installed/sysroots/armv7at2hf-neon-oe-linux-gnueabi/usr/include/pthread.h:774:34: error: unknown type name ‘pthread_mutex_t’
 extern int pthread_mutex_unlock (pthread_mutex_t *__mutex)
                                  ^~~~~~~~~~~~~~~
/home/sui/sdx55-sdk-installed/sysroots/armv7at2hf-neon-oe-linux-gnueabi/usr/include/pthread.h:779:48: error: unknown type name ‘pthread_mutex_t’
 extern int pthread_mutex_getprioceiling (const pthread_mutex_t *
                                                ^~~~~~~~~~~~~~~
/home/sui/sdx55-sdk-installed/sysroots/armv7at2hf-neon-oe-linux-gnueabi/usr/include/pthread.h:786:42: error: unknown type name ‘pthread_mutex_t’
 extern int pthread_mutex_setprioceiling (pthread_mutex_t *__restrict __mutex,
                                          ^~~~~~~~~~~~~~~
/home/sui/sdx55-sdk-installed/sysroots/armv7at2hf-neon-oe-linux-gnueabi/usr/include/pthread.h:794:38: error: unknown type name ‘pthread_mutex_t’
 extern int pthread_mutex_consistent (pthread_mutex_t *__mutex)
                                      ^~~~~~~~~~~~~~~
/home/sui/sdx55-sdk-installed/sysroots/armv7at2hf-neon-oe-linux-gnueabi/usr/include/pthread.h:807:36: error: unknown type name ‘pthread_mutexattr_t’
 extern int pthread_mutexattr_init (pthread_mutexattr_t *__attr)
                                    ^~~~~~~~~~~~~~~~~~~
/home/sui/sdx55-sdk-installed/sysroots/armv7at2hf-neon-oe-linux-gnueabi/usr/include/pthread.h:811:39: error: unknown type name ‘pthread_mutexattr_t’
 extern int pthread_mutexattr_destroy (pthread_mutexattr_t *__attr)
                                       ^~~~~~~~~~~~~~~~~~~
/home/sui/sdx55-sdk-installed/sysroots/armv7at2hf-neon-oe-linux-gnueabi/usr/include/pthread.h:815:48: error: unknown type name ‘pthread_mutexattr_t’
 extern int pthread_mutexattr_getpshared (const pthread_mutexattr_t *
                                                ^~~~~~~~~~~~~~~~~~~
/home/sui/sdx55-sdk-installed/sysroots/armv7at2hf-neon-oe-linux-gnueabi/usr/include/pthread.h:821:42: error: unknown type name ‘pthread_mutexattr_t’
 extern int pthread_mutexattr_setpshared (pthread_mutexattr_t *__attr,
                                          ^~~~~~~~~~~~~~~~~~~
/home/sui/sdx55-sdk-installed/sysroots/armv7at2hf-neon-oe-linux-gnueabi/usr/include/pthread.h:827:45: error: unknown type name ‘pthread_mutexattr_t’
 extern int pthread_mutexattr_gettype (const pthread_mutexattr_t *__restrict
                                             ^~~~~~~~~~~~~~~~~~~
/home/sui/sdx55-sdk-installed/sysroots/armv7at2hf-neon-oe-linux-gnueabi/usr/include/pthread.h:834:39: error: unknown type name ‘pthread_mutexattr_t’
 extern int pthread_mutexattr_settype (pthread_mutexattr_t *__attr, int __kind)
                                       ^~~~~~~~~~~~~~~~~~~
/home/sui/sdx55-sdk-installed/sysroots/armv7at2hf-neon-oe-linux-gnueabi/usr/include/pthread.h:839:49: error: unknown type name ‘pthread_mutexattr_t’
 extern int pthread_mutexattr_getprotocol (const pthread_mutexattr_t *
                                                 ^~~~~~~~~~~~~~~~~~~
/home/sui/sdx55-sdk-installed/sysroots/armv7at2hf-neon-oe-linux-gnueabi/usr/include/pthread.h:846:43: error: unknown type name ‘pthread_mutexattr_t’
 extern int pthread_mutexattr_setprotocol (pthread_mutexattr_t *__attr,
                                           ^~~~~~~~~~~~~~~~~~~
/home/sui/sdx55-sdk-installed/sysroots/armv7at2hf-neon-oe-linux-gnueabi/usr/include/pthread.h:851:52: error: unknown type name ‘pthread_mutexattr_t’
 extern int pthread_mutexattr_getprioceiling (const pthread_mutexattr_t *
                                                    ^~~~~~~~~~~~~~~~~~~
/home/sui/sdx55-sdk-installed/sysroots/armv7at2hf-neon-oe-linux-gnueabi/usr/include/pthread.h:857:46: error: unknown type name ‘pthread_mutexattr_t’
 extern int pthread_mutexattr_setprioceiling (pthread_mutexattr_t *__attr,
                                              ^~~~~~~~~~~~~~~~~~~
/home/sui/sdx55-sdk-installed/sysroots/armv7at2hf-neon-oe-linux-gnueabi/usr/include/pthread.h:863:47: error: unknown type name ‘pthread_mutexattr_t’
 extern int pthread_mutexattr_getrobust (const pthread_mutexattr_t *__attr,
                                               ^~~~~~~~~~~~~~~~~~~
/home/sui/sdx55-sdk-installed/sysroots/armv7at2hf-neon-oe-linux-gnueabi/usr/include/pthread.h:873:41: error: unknown type name ‘pthread_mutexattr_t’
 extern int pthread_mutexattr_setrobust (pthread_mutexattr_t *__attr,
                                         ^~~~~~~~~~~~~~~~~~~
/home/sui/sdx55-sdk-installed/sysroots/armv7at2hf-neon-oe-linux-gnueabi/usr/include/pthread.h:889:33: error: unknown type name ‘pthread_rwlock_t’; did you mean ‘__pthread_unwind_buf_t’?
 extern int pthread_rwlock_init (pthread_rwlock_t *__restrict __rwlock,
                                 ^~~~~~~~~~~~~~~~
                                 __pthread_unwind_buf_t
/home/sui/sdx55-sdk-installed/sysroots/armv7at2hf-neon-oe-linux-gnueabi/usr/include/pthread.h:890:11: error: unknown type name ‘pthread_rwlockattr_t’
     const pthread_rwlockattr_t *__restrict
           ^~~~~~~~~~~~~~~~~~~~
/home/sui/sdx55-sdk-installed/sysroots/armv7at2hf-neon-oe-linux-gnueabi/usr/include/pthread.h:894:36: error: unknown type name ‘pthread_rwlock_t’; did you mean ‘__pthread_unwind_buf_t’?
 extern int pthread_rwlock_destroy (pthread_rwlock_t *__rwlock)
                                    ^~~~~~~~~~~~~~~~
                                    __pthread_unwind_buf_t
/home/sui/sdx55-sdk-installed/sysroots/armv7at2hf-neon-oe-linux-gnueabi/usr/include/pthread.h:898:35: error: unknown type name ‘pthread_rwlock_t’; did you mean ‘__pthread_unwind_buf_t’?
 extern int pthread_rwlock_rdlock (pthread_rwlock_t *__rwlock)
                                   ^~~~~~~~~~~~~~~~
                                   __pthread_unwind_buf_t
/home/sui/sdx55-sdk-installed/sysroots/armv7at2hf-neon-oe-linux-gnueabi/usr/include/pthread.h:902:38: error: unknown type name ‘pthread_rwlock_t’; did you mean ‘__pthread_unwind_buf_t’?
 extern int pthread_rwlock_tryrdlock (pthread_rwlock_t *__rwlock)
                                      ^~~~~~~~~~~~~~~~
                                      __pthread_unwind_buf_t
/home/sui/sdx55-sdk-installed/sysroots/armv7at2hf-neon-oe-linux-gnueabi/usr/include/pthread.h:907:40: error: unknown type name ‘pthread_rwlock_t’; did you mean ‘__pthread_unwind_buf_t’?
 extern int pthread_rwlock_timedrdlock (pthread_rwlock_t *__restrict __rwlock,
                                        ^~~~~~~~~~~~~~~~
                                        __pthread_unwind_buf_t
/home/sui/sdx55-sdk-installed/sysroots/armv7at2hf-neon-oe-linux-gnueabi/usr/include/pthread.h:913:35: error: unknown type name ‘pthread_rwlock_t’; did you mean ‘__pthread_unwind_buf_t’?
 extern int pthread_rwlock_wrlock (pthread_rwlock_t *__rwlock)
                                   ^~~~~~~~~~~~~~~~
                                   __pthread_unwind_buf_t
/home/sui/sdx55-sdk-installed/sysroots/armv7at2hf-neon-oe-linux-gnueabi/usr/include/pthread.h:917:38: error: unknown type name ‘pthread_rwlock_t’; did you mean ‘__pthread_unwind_buf_t’?
 extern int pthread_rwlock_trywrlock (pthread_rwlock_t *__rwlock)
                                      ^~~~~~~~~~~~~~~~
                                      __pthread_unwind_buf_t
/home/sui/sdx55-sdk-installed/sysroots/armv7at2hf-neon-oe-linux-gnueabi/usr/include/pthread.h:922:40: error: unknown type name ‘pthread_rwlock_t’; did you mean ‘__pthread_unwind_buf_t’?
 extern int pthread_rwlock_timedwrlock (pthread_rwlock_t *__restrict __rwlock,
                                        ^~~~~~~~~~~~~~~~
                                        __pthread_unwind_buf_t
/home/sui/sdx55-sdk-installed/sysroots/armv7at2hf-neon-oe-linux-gnueabi/usr/include/pthread.h:928:35: error: unknown type name ‘pthread_rwlock_t’; did you mean ‘__pthread_unwind_buf_t’?
 extern int pthread_rwlock_unlock (pthread_rwlock_t *__rwlock)
                                   ^~~~~~~~~~~~~~~~
                                   __pthread_unwind_buf_t
/home/sui/sdx55-sdk-installed/sysroots/armv7at2hf-neon-oe-linux-gnueabi/usr/include/pthread.h:935:37: error: unknown type name ‘pthread_rwlockattr_t’
 extern int pthread_rwlockattr_init (pthread_rwlockattr_t *__attr)
                                     ^~~~~~~~~~~~~~~~~~~~
/home/sui/sdx55-sdk-installed/sysroots/armv7at2hf-neon-oe-linux-gnueabi/usr/include/pthread.h:939:40: error: unknown type name ‘pthread_rwlockattr_t’
 extern int pthread_rwlockattr_destroy (pthread_rwlockattr_t *__attr)
                                        ^~~~~~~~~~~~~~~~~~~~
/home/sui/sdx55-sdk-installed/sysroots/armv7at2hf-neon-oe-linux-gnueabi/usr/include/pthread.h:943:49: error: unknown type name ‘pthread_rwlockattr_t’
 extern int pthread_rwlockattr_getpshared (const pthread_rwlockattr_t *
                                                 ^~~~~~~~~~~~~~~~~~~~
/home/sui/sdx55-sdk-installed/sysroots/armv7at2hf-neon-oe-linux-gnueabi/usr/include/pthread.h:949:43: error: unknown type name ‘pthread_rwlockattr_t’
 extern int pthread_rwlockattr_setpshared (pthread_rwlockattr_t *__attr,
                                           ^~~~~~~~~~~~~~~~~~~~
/home/sui/sdx55-sdk-installed/sysroots/armv7at2hf-neon-oe-linux-gnueabi/usr/include/pthread.h:954:49: error: unknown type name ‘pthread_rwlockattr_t’
 extern int pthread_rwlockattr_getkind_np (const pthread_rwlockattr_t *
                                                 ^~~~~~~~~~~~~~~~~~~~
/home/sui/sdx55-sdk-installed/sysroots/armv7at2hf-neon-oe-linux-gnueabi/usr/include/pthread.h:960:43: error: unknown type name ‘pthread_rwlockattr_t’
 extern int pthread_rwlockattr_setkind_np (pthread_rwlockattr_t *__attr,
                                           ^~~~~~~~~~~~~~~~~~~~
/home/sui/sdx55-sdk-installed/sysroots/armv7at2hf-neon-oe-linux-gnueabi/usr/include/pthread.h:969:31: error: unknown type name ‘pthread_cond_t’; did you mean ‘pthread_cleanup_pop’?
 extern int pthread_cond_init (pthread_cond_t *__restrict __cond,
                               ^~~~~~~~~~~~~~
                               pthread_cleanup_pop
/home/sui/sdx55-sdk-installed/sysroots/armv7at2hf-neon-oe-linux-gnueabi/usr/include/pthread.h:970:16: error: unknown type name ‘pthread_condattr_t’
          const pthread_condattr_t *__restrict __cond_attr)
                ^~~~~~~~~~~~~~~~~~
/home/sui/sdx55-sdk-installed/sysroots/armv7at2hf-neon-oe-linux-gnueabi/usr/include/pthread.h:974:34: error: unknown type name ‘pthread_cond_t’; did you mean ‘pthread_cleanup_pop’?
 extern int pthread_cond_destroy (pthread_cond_t *__cond)
                                  ^~~~~~~~~~~~~~
                                  pthread_cleanup_pop
/home/sui/sdx55-sdk-installed/sysroots/armv7at2hf-neon-oe-linux-gnueabi/usr/include/pthread.h:978:33: error: unknown type name ‘pthread_cond_t’; did you mean ‘pthread_cleanup_pop’?
 extern int pthread_cond_signal (pthread_cond_t *__cond)
                                 ^~~~~~~~~~~~~~
                                 pthread_cleanup_pop
/home/sui/sdx55-sdk-installed/sysroots/armv7at2hf-neon-oe-linux-gnueabi/usr/include/pthread.h:982:36: error: unknown type name ‘pthread_cond_t’; did you mean ‘pthread_cleanup_pop’?
 extern int pthread_cond_broadcast (pthread_cond_t *__cond)
                                    ^~~~~~~~~~~~~~
                                    pthread_cleanup_pop
/home/sui/sdx55-sdk-installed/sysroots/armv7at2hf-neon-oe-linux-gnueabi/usr/include/pthread.h:990:31: error: unknown type name ‘pthread_cond_t’; did you mean ‘pthread_cleanup_pop’?
 extern int pthread_cond_wait (pthread_cond_t *__restrict __cond,
                               ^~~~~~~~~~~~~~
                               pthread_cleanup_pop
/home/sui/sdx55-sdk-installed/sysroots/armv7at2hf-neon-oe-linux-gnueabi/usr/include/pthread.h:991:10: error: unknown type name ‘pthread_mutex_t’
          pthread_mutex_t *__restrict __mutex)
          ^~~~~~~~~~~~~~~
/home/sui/sdx55-sdk-installed/sysroots/armv7at2hf-neon-oe-linux-gnueabi/usr/include/pthread.h:1001:36: error: unknown type name ‘pthread_cond_t’; did you mean ‘pthread_cleanup_pop’?
 extern int pthread_cond_timedwait (pthread_cond_t *__restrict __cond,
                                    ^~~~~~~~~~~~~~
                                    pthread_cleanup_pop
/home/sui/sdx55-sdk-installed/sysroots/armv7at2hf-neon-oe-linux-gnueabi/usr/include/pthread.h:1002:8: error: unknown type name ‘pthread_mutex_t’
        pthread_mutex_t *__restrict __mutex,
        ^~~~~~~~~~~~~~~
/home/sui/sdx55-sdk-installed/sysroots/armv7at2hf-neon-oe-linux-gnueabi/usr/include/pthread.h:1009:35: error: unknown type name ‘pthread_condattr_t’; did you mean ‘pthread_cleanup_pop’?
 extern int pthread_condattr_init (pthread_condattr_t *__attr)
                                   ^~~~~~~~~~~~~~~~~~
                                   pthread_cleanup_pop
/home/sui/sdx55-sdk-installed/sysroots/armv7at2hf-neon-oe-linux-gnueabi/usr/include/pthread.h:1013:38: error: unknown type name ‘pthread_condattr_t’; did you mean ‘pthread_cleanup_pop’?
 extern int pthread_condattr_destroy (pthread_condattr_t *__attr)
                                      ^~~~~~~~~~~~~~~~~~
                                      pthread_cleanup_pop
/home/sui/sdx55-sdk-installed/sysroots/armv7at2hf-neon-oe-linux-gnueabi/usr/include/pthread.h:1017:47: error: unknown type name ‘pthread_condattr_t’
 extern int pthread_condattr_getpshared (const pthread_condattr_t *
                                               ^~~~~~~~~~~~~~~~~~
/home/sui/sdx55-sdk-installed/sysroots/armv7at2hf-neon-oe-linux-gnueabi/usr/include/pthread.h:1023:41: error: unknown type name ‘pthread_condattr_t’; did you mean ‘pthread_cleanup_pop’?
 extern int pthread_condattr_setpshared (pthread_condattr_t *__attr,
                                         ^~~~~~~~~~~~~~~~~~
                                         pthread_cleanup_pop
/home/sui/sdx55-sdk-installed/sysroots/armv7at2hf-neon-oe-linux-gnueabi/usr/include/pthread.h:1028:45: error: unknown type name ‘pthread_condattr_t’
 extern int pthread_condattr_getclock (const pthread_condattr_t *
                                             ^~~~~~~~~~~~~~~~~~
/home/sui/sdx55-sdk-installed/sysroots/armv7at2hf-neon-oe-linux-gnueabi/usr/include/pthread.h:1030:11: error: unknown type name ‘__clockid_t’; did you mean ‘clockid_t’?
           __clockid_t *__restrict __clock_id)
           ^~~~~~~~~~~
           clockid_t
/home/sui/sdx55-sdk-installed/sysroots/armv7at2hf-neon-oe-linux-gnueabi/usr/include/pthread.h:1034:39: error: unknown type name ‘pthread_condattr_t’; did you mean ‘pthread_cleanup_pop’?
 extern int pthread_condattr_setclock (pthread_condattr_t *__attr,
                                       ^~~~~~~~~~~~~~~~~~
                                       pthread_cleanup_pop
/home/sui/sdx55-sdk-installed/sysroots/armv7at2hf-neon-oe-linux-gnueabi/usr/include/pthread.h:1035:11: error: unknown type name ‘__clockid_t’; did you mean ‘clockid_t’?
           __clockid_t __clock_id)
           ^~~~~~~~~~~
           clockid_t
/home/sui/sdx55-sdk-installed/sysroots/armv7at2hf-neon-oe-linux-gnueabi/usr/include/pthread.h:1045:31: error: unknown type name ‘pthread_spinlock_t’; did you mean ‘__pthread_unwind_buf_t’?
 extern int pthread_spin_init (pthread_spinlock_t *__lock, int __pshared)
                               ^~~~~~~~~~~~~~~~~~
                               __pthread_unwind_buf_t
/home/sui/sdx55-sdk-installed/sysroots/armv7at2hf-neon-oe-linux-gnueabi/usr/include/pthread.h:1049:34: error: unknown type name ‘pthread_spinlock_t’; did you mean ‘__pthread_unwind_buf_t’?
 extern int pthread_spin_destroy (pthread_spinlock_t *__lock)
                                  ^~~~~~~~~~~~~~~~~~
                                  __pthread_unwind_buf_t
/home/sui/sdx55-sdk-installed/sysroots/armv7at2hf-neon-oe-linux-gnueabi/usr/include/pthread.h:1053:31: error: unknown type name ‘pthread_spinlock_t’; did you mean ‘__pthread_unwind_buf_t’?
 extern int pthread_spin_lock (pthread_spinlock_t *__lock)
                               ^~~~~~~~~~~~~~~~~~
                               __pthread_unwind_buf_t
/home/sui/sdx55-sdk-installed/sysroots/armv7at2hf-neon-oe-linux-gnueabi/usr/include/pthread.h:1057:34: error: unknown type name ‘pthread_spinlock_t’; did you mean ‘__pthread_unwind_buf_t’?
 extern int pthread_spin_trylock (pthread_spinlock_t *__lock)
                                  ^~~~~~~~~~~~~~~~~~
                                  __pthread_unwind_buf_t
/home/sui/sdx55-sdk-installed/sysroots/armv7at2hf-neon-oe-linux-gnueabi/usr/include/pthread.h:1061:33: error: unknown type name ‘pthread_spinlock_t’; did you mean ‘__pthread_unwind_buf_t’?
 extern int pthread_spin_unlock (pthread_spinlock_t *__lock)
                                 ^~~~~~~~~~~~~~~~~~
                                 __pthread_unwind_buf_t
/home/sui/sdx55-sdk-installed/sysroots/armv7at2hf-neon-oe-linux-gnueabi/usr/include/pthread.h:1069:34: error: unknown type name ‘pthread_barrier_t’
 extern int pthread_barrier_init (pthread_barrier_t *__restrict __barrier,
                                  ^~~~~~~~~~~~~~~~~
/home/sui/sdx55-sdk-installed/sysroots/armv7at2hf-neon-oe-linux-gnueabi/usr/include/pthread.h:1070:12: error: unknown type name ‘pthread_barrierattr_t’
      const pthread_barrierattr_t *__restrict
            ^~~~~~~~~~~~~~~~~~~~~
/home/sui/sdx55-sdk-installed/sysroots/armv7at2hf-neon-oe-linux-gnueabi/usr/include/pthread.h:1075:37: error: unknown type name ‘pthread_barrier_t’
 extern int pthread_barrier_destroy (pthread_barrier_t *__barrier)
                                     ^~~~~~~~~~~~~~~~~
/home/sui/sdx55-sdk-installed/sysroots/armv7at2hf-neon-oe-linux-gnueabi/usr/include/pthread.h:1079:34: error: unknown type name ‘pthread_barrier_t’
 extern int pthread_barrier_wait (pthread_barrier_t *__barrier)
                                  ^~~~~~~~~~~~~~~~~
/home/sui/sdx55-sdk-installed/sysroots/armv7at2hf-neon-oe-linux-gnueabi/usr/include/pthread.h:1084:38: error: unknown type name ‘pthread_barrierattr_t’
 extern int pthread_barrierattr_init (pthread_barrierattr_t *__attr)
                                      ^~~~~~~~~~~~~~~~~~~~~
/home/sui/sdx55-sdk-installed/sysroots/armv7at2hf-neon-oe-linux-gnueabi/usr/include/pthread.h:1088:41: error: unknown type name ‘pthread_barrierattr_t’
 extern int pthread_barrierattr_destroy (pthread_barrierattr_t *__attr)
                                         ^~~~~~~~~~~~~~~~~~~~~
/home/sui/sdx55-sdk-installed/sysroots/armv7at2hf-neon-oe-linux-gnueabi/usr/include/pthread.h:1092:50: error: unknown type name ‘pthread_barrierattr_t’
 extern int pthread_barrierattr_getpshared (const pthread_barrierattr_t *
                                                  ^~~~~~~~~~~~~~~~~~~~~
/home/sui/sdx55-sdk-installed/sysroots/armv7at2hf-neon-oe-linux-gnueabi/usr/include/pthread.h:1098:44: error: unknown type name ‘pthread_barrierattr_t’
 extern int pthread_barrierattr_setpshared (pthread_barrierattr_t *__attr,
                                            ^~~~~~~~~~~~~~~~~~~~~
/home/sui/sdx55-sdk-installed/sysroots/armv7at2hf-neon-oe-linux-gnueabi/usr/include/pthread.h:1112:32: error: unknown type name ‘pthread_key_t’
 extern int pthread_key_create (pthread_key_t *__key,
                                ^~~~~~~~~~~~~
/home/sui/sdx55-sdk-installed/sysroots/armv7at2hf-neon-oe-linux-gnueabi/usr/include/pthread.h:1117:32: error: unknown type name ‘pthread_key_t’
 extern int pthread_key_delete (pthread_key_t __key) __THROW;
                                ^~~~~~~~~~~~~
/home/sui/sdx55-sdk-installed/sysroots/armv7at2hf-neon-oe-linux-gnueabi/usr/include/pthread.h:1120:35: error: unknown type name ‘pthread_key_t’
 extern void *pthread_getspecific (pthread_key_t __key) __THROW;
                                   ^~~~~~~~~~~~~
/home/sui/sdx55-sdk-installed/sysroots/armv7at2hf-neon-oe-linux-gnueabi/usr/include/pthread.h:1123:33: error: unknown type name ‘pthread_key_t’
 extern int pthread_setspecific (pthread_key_t __key,
                                 ^~~~~~~~~~~~~
/home/sui/sdx55-sdk-installed/sysroots/armv7at2hf-neon-oe-linux-gnueabi/usr/include/pthread.h:1129:35: error: unknown type name ‘pthread_t’
 extern int pthread_getcpuclockid (pthread_t __thread_id,
                                   ^~~~~~~~~
/home/sui/sdx55-sdk-installed/sysroots/armv7at2hf-neon-oe-linux-gnueabi/usr/include/pthread.h:1130:7: error: unknown type name ‘__clockid_t’; did you mean ‘clockid_t’?
       __clockid_t *__clock_id)
       ^~~~~~~~~~~
       clockid_t
CMakeFiles/cmTC_21678.dir/build.make:65: recipe for target 'CMakeFiles/cmTC_21678.dir/CheckIncludeFile.c.o' failed
make[1]: *** [CMakeFiles/cmTC_21678.dir/CheckIncludeFile.c.o] Error 1
make[1]: 离开目录“/home/sui/src/kevin/mqttclient-master/CMakeFiles/CMakeTmp”
Makefile:121: recipe for target 'cmTC_21678/fast' failed
make: *** [cmTC_21678/fast] Error 2


Determining if the pthread_create exist failed with the following output:
Change Dir: /home/sui/src/kevin/mqttclient-master/CMakeFiles/CMakeTmp

Run Build Command:"/usr/bin/make" "cmTC_b55a0/fast"
/usr/bin/make -f CMakeFiles/cmTC_b55a0.dir/build.make CMakeFiles/cmTC_b55a0.dir/build
make[1]: 进入目录“/home/sui/src/kevin/mqttclient-master/CMakeFiles/CMakeTmp”
Building C object CMakeFiles/cmTC_b55a0.dir/CheckSymbolExists.c.o
/home/sui/sdx55-sdk-installed/sysroots/x86_64-oesdk-linux/usr/bin/arm-oe-linux-gnueabi/arm-oe-linux-gnueabi-gcc   -march=armv7-a -mthumb -mfpu=neon -mfloat-abi=hard --sysroot=/home/sui/sdx55-sdk-installed/sysroots/armv7at2hf-neon-oe-linux-gnueabi --sysroot=/home/sui/sdx55-sdk-installed/sysroots/armv7at2hf-neon-oe-linux-gnueabi   -lcurl    -o CMakeFiles/cmTC_b55a0.dir/CheckSymbolExists.c.o   -c /home/sui/src/kevin/mqttclient-master/CMakeFiles/CMakeTmp/CheckSymbolExists.c
Linking C executable cmTC_b55a0
/home/sui/sdx55-sdk-installed/sysroots/x86_64-oesdk-linux/usr/bin/cmake -E cmake_link_script CMakeFiles/cmTC_b55a0.dir/link.txt --verbose=1
/home/sui/sdx55-sdk-installed/sysroots/x86_64-oesdk-linux/usr/bin/arm-oe-linux-gnueabi/arm-oe-linux-gnueabi-gcc   -march=armv7-a -mthumb -mfpu=neon -mfloat-abi=hard --sysroot=/home/sui/sdx55-sdk-installed/sysroots/armv7at2hf-neon-oe-linux-gnueabi --sysroot=/home/sui/sdx55-sdk-installed/sysroots/armv7at2hf-neon-oe-linux-gnueabi -lcurl   -Wl,-O1 -Wl,--hash-style=gnu -Wl,--as-needed  -rdynamic CMakeFiles/cmTC_b55a0.dir/CheckSymbolExists.c.o  -o cmTC_b55a0 
CMakeFiles/cmTC_b55a0.dir/CheckSymbolExists.c.o:CheckSymbolExists.c:function main: 错误: 对‘pthread_create’未定义的引用
collect2: error: ld returned 1 exit status
CMakeFiles/cmTC_b55a0.dir/build.make:86: recipe for target 'cmTC_b55a0' failed
make[1]: *** [cmTC_b55a0] Error 1
make[1]: 离开目录“/home/sui/src/kevin/mqttclient-master/CMakeFiles/CMakeTmp”
Makefile:121: recipe for target 'cmTC_b55a0/fast' failed
make: *** [cmTC_b55a0/fast] Error 2

File /home/sui/src/kevin/mqttclient-master/CMakeFiles/CMakeTmp/CheckSymbolExists.c:
/* */
#include <pthread.h>

int main(int argc, char** argv)
{
  (void)argv;
#ifndef pthread_create
  return ((int*)(&pthread_create))[argc];
#else
  (void)argc;
  return 0;
#endif
}

Determining if the function pthread_create exists in the pthreads failed with the following output:
Change Dir: /home/sui/src/kevin/mqttclient-master/CMakeFiles/CMakeTmp

Run Build Command:"/usr/bin/make" "cmTC_388f7/fast"
/usr/bin/make -f CMakeFiles/cmTC_388f7.dir/build.make CMakeFiles/cmTC_388f7.dir/build
make[1]: 进入目录“/home/sui/src/kevin/mqttclient-master/CMakeFiles/CMakeTmp”
Building C object CMakeFiles/cmTC_388f7.dir/CheckFunctionExists.c.o
/home/sui/sdx55-sdk-installed/sysroots/x86_64-oesdk-linux/usr/bin/arm-oe-linux-gnueabi/arm-oe-linux-gnueabi-gcc   -march=armv7-a -mthumb -mfpu=neon -mfloat-abi=hard --sysroot=/home/sui/sdx55-sdk-installed/sysroots/armv7at2hf-neon-oe-linux-gnueabi --sysroot=/home/sui/sdx55-sdk-installed/sysroots/armv7at2hf-neon-oe-linux-gnueabi   -lcurl -DCHECK_FUNCTION_EXISTS=pthread_create   -o CMakeFiles/cmTC_388f7.dir/CheckFunctionExists.c.o   -c /home/sui/sdx55-sdk-installed/sysroots/x86_64-oesdk-linux/usr/share/cmake-3.12/Modules/CheckFunctionExists.c
Linking C executable cmTC_388f7
/home/sui/sdx55-sdk-installed/sysroots/x86_64-oesdk-linux/usr/bin/cmake -E cmake_link_script CMakeFiles/cmTC_388f7.dir/link.txt --verbose=1
/home/sui/sdx55-sdk-installed/sysroots/x86_64-oesdk-linux/usr/bin/arm-oe-linux-gnueabi/arm-oe-linux-gnueabi-gcc   -march=armv7-a -mthumb -mfpu=neon -mfloat-abi=hard --sysroot=/home/sui/sdx55-sdk-installed/sysroots/armv7at2hf-neon-oe-linux-gnueabi --sysroot=/home/sui/sdx55-sdk-installed/sysroots/armv7at2hf-neon-oe-linux-gnueabi -lcurl -DCHECK_FUNCTION_EXISTS=pthread_create  -Wl,-O1 -Wl,--hash-style=gnu -Wl,--as-needed  -rdynamic CMakeFiles/cmTC_388f7.dir/CheckFunctionExists.c.o  -o cmTC_388f7 -lpthreads 
/home/sui/sdx55-sdk-installed/sysroots/x86_64-oesdk-linux/usr/libexec/arm-oe-linux-gnueabi/gcc/arm-oe-linux-gnueabi/8.2.0/real-ld：错误：cannot find -lpthreads
CMakeFiles/cmTC_388f7.dir/CheckFunctionExists.c.o:CheckFunctionExists.c:function main: 错误: 对‘pthread_create’未定义的引用
collect2: error: ld returned 1 exit status
CMakeFiles/cmTC_388f7.dir/build.make:86: recipe for target 'cmTC_388f7' failed
make[1]: *** [cmTC_388f7] Error 1
make[1]: 离开目录“/home/sui/src/kevin/mqttclient-master/CMakeFiles/CMakeTmp”
Makefile:121: recipe for target 'cmTC_388f7/fast' failed
make: *** [cmTC_388f7/fast] Error 2


